2024-12-01 14:41:11,380 - INFO - Reference data loaded successfully.
2024-12-01 14:41:12,309 - INFO - Models and scaler loaded successfully.
2024-12-01 14:42:42,775 - INFO - Reference data loaded successfully.
2024-12-01 14:42:43,587 - INFO - Models and scaler loaded successfully.
2024-12-01 14:43:49,243 - INFO - Received input data: {'State': 'CA', 'Account_length': 120, 'Area_code': 415, 'International_plan': 'Yes', 'Voice_mail_plan': 'Yes', 'Number_vmail_messages': 25, 'Total_day_calls': 100, 'Total_day_charge': 20.5, 'Total_eve_calls': 80, 'Total_eve_charge': 15.0, 'Total_night_calls': 70, 'Total_night_charge': 12.0, 'Total_intl_calls': 10, 'Total_intl_charge': 5.0, 'Customer_service_calls': 1}
2024-12-01 14:43:49,252 - INFO - Input data converted to DataFrame:   State  Account length  Area code  ... Total intl calls Total intl charge  Customer service calls
0    CA             120        415  ...               10               5.0                       1

[1 rows x 15 columns]
2024-12-01 14:43:49,324 - INFO - Numerical columns standardized.
2024-12-01 14:43:49,342 - INFO - Predictions made successfully. Decision Tree: 0, Random Forest: 0
2024-12-01 14:44:17,287 - INFO - Received input data: {'State': 'CA', 'Account_length': 120, 'Area_code': 415, 'International_plan': 'yes', 'Voice_mail_plan': 'yes', 'Number_vmail_messages': 25, 'Total_day_calls': 100, 'Total_day_charge': 20.5, 'Total_eve_calls': 80, 'Total_eve_charge': 15.0, 'Total_night_calls': 70, 'Total_night_charge': 12.0, 'Total_intl_calls': 10, 'Total_intl_charge': 5.0, 'Customer_service_calls': 1}
2024-12-01 14:44:17,291 - INFO - Input data converted to DataFrame:   State  Account length  Area code  ... Total intl calls Total intl charge  Customer service calls
0    CA             120        415  ...               10               5.0                       1

[1 rows x 15 columns]
2024-12-01 14:44:17,322 - WARNING - Missing values detected after mapping: State                     0
Account length            0
Area code                 0
International plan        1
Voice mail plan           1
Number vmail messages     0
Total day calls           0
Total day charge          0
Total eve calls           0
Total eve charge          0
Total night calls         0
Total night charge        0
Total intl calls          0
Total intl charge         0
Customer service calls    0
dtype: int64
2024-12-01 14:44:17,324 - ERROR - Error during prediction: 400: Certain values could not be mapped. Please check your input data.
2024-12-01 14:53:40,711 - INFO - Received input data: {'State': 'CA', 'Account_length': 120, 'Area_code': 415, 'International_plan': 'yes', 'Voice_mail_plan': 'yes', 'Number_vmail_messages': 25, 'Total_day_calls': 100, 'Total_day_charge': 20.5, 'Total_eve_calls': 80, 'Total_eve_charge': 15.0, 'Total_night_calls': 70, 'Total_night_charge': 12.0, 'Total_intl_calls': 10, 'Total_intl_charge': 5.0, 'Customer_service_calls': 1}
2024-12-01 14:53:40,713 - INFO - Input data converted to DataFrame:   State  Account length  Area code International plan  ... Total night charge  Total intl calls  Total intl charge  Customer service calls
0    CA             120        415                yes  ...               12.0                10                5.0                       1

[1 rows x 15 columns]
2024-12-01 14:53:40,736 - WARNING - Missing values detected after mapping: State                     0
Account length            0
Area code                 0
International plan        1
Voice mail plan           1
Number vmail messages     0
Total day calls           0
Total day charge          0
Total eve calls           0
Total eve charge          0
Total night calls         0
Total night charge        0
Total intl calls          0
Total intl charge         0
Customer service calls    0
dtype: int64
2024-12-01 14:53:40,737 - ERROR - Error during prediction: 400: Certain values could not be mapped. Please check your input data.
2024-12-01 14:55:49,299 - INFO - Reference data loaded successfully.
2024-12-01 14:55:49,422 - INFO - Models and scaler loaded successfully.
2024-12-01 14:56:43,450 - INFO - Received input data: {'State': 4, 'Account_length': 120, 'Area_code': 415, 'International_plan': 'yes', 'Voice_mail_plan': 'yes', 'Number_vmail_messages': 25, 'Total_day_calls': 100, 'Total_day_charge': 20.5, 'Total_eve_calls': 80, 'Total_eve_charge': 15.0, 'Total_night_calls': 70, 'Total_night_charge': 12.0, 'Total_intl_calls': 10, 'Total_intl_charge': 5.0, 'Customer_service_calls': 1}
2024-12-01 14:56:43,452 - INFO - Input data converted to DataFrame:    State  Account length  Area code International plan  ... Total night charge  Total intl calls  Total intl charge  Customer service calls
0      4             120        415                yes  ...               12.0                10                5.0                       1

[1 rows x 15 columns]
2024-12-01 14:56:43,477 - WARNING - Missing values detected after mapping: State                     0
Account length            0
Area code                 0
International plan        1
Voice mail plan           1
Number vmail messages     0
Total day calls           0
Total day charge          0
Total eve calls           0
Total eve charge          0
Total night calls         0
Total night charge        0
Total intl calls          0
Total intl charge         0
Customer service calls    0
dtype: int64
2024-12-01 14:56:43,479 - ERROR - Error during prediction: 400: Certain values could not be mapped. Please check your input data.
2024-12-01 14:58:10,138 - INFO - Reference data loaded successfully.
2024-12-01 14:58:10,263 - INFO - Models and scaler loaded successfully.
2024-12-01 14:58:11,209 - INFO - Received input data: {'State': 'LA', 'Account_length': 120, 'Area_code': 415, 'International_plan': 'Yes', 'Voice_mail_plan': 'Yes', 'Number_vmail_messages': 25, 'Total_day_calls': 100, 'Total_day_charge': 20.5, 'Total_eve_calls': 80, 'Total_eve_charge': 15.0, 'Total_night_calls': 70, 'Total_night_charge': 12.0, 'Total_intl_calls': 10, 'Total_intl_charge': 5.0, 'Customer_service_calls': 1}
2024-12-01 14:58:11,211 - INFO - Input data converted to DataFrame:   State  Account length  Area code International plan  ... Total night charge  Total intl calls  Total intl charge  Customer service calls
0    LA             120        415                Yes  ...               12.0                10                5.0                       1

[1 rows x 15 columns]
2024-12-01 14:58:11,238 - INFO - Numerical columns standardized.
2024-12-01 14:58:11,248 - INFO - Predictions made successfully. Decision Tree: 0, Random Forest: 0
2024-12-01 14:58:40,942 - INFO - Received input data: {'State': 'KQ', 'Account_length': 120, 'Area_code': 415, 'International_plan': 'Yes', 'Voice_mail_plan': 'Yes', 'Number_vmail_messages': 25, 'Total_day_calls': 100, 'Total_day_charge': 20.5, 'Total_eve_calls': 80, 'Total_eve_charge': 15.0, 'Total_night_calls': 70, 'Total_night_charge': 12.0, 'Total_intl_calls': 10, 'Total_intl_charge': 5.0, 'Customer_service_calls': 1}
2024-12-01 14:58:40,944 - INFO - Input data converted to DataFrame:   State  Account length  Area code International plan  ... Total night charge  Total intl calls  Total intl charge  Customer service calls
0    KQ             120        415                Yes  ...               12.0                10                5.0                       1

[1 rows x 15 columns]
2024-12-01 14:58:40,988 - WARNING - Missing values detected after mapping: State                     1
Account length            0
Area code                 0
International plan        0
Voice mail plan           0
Number vmail messages     0
Total day calls           0
Total day charge          0
Total eve calls           0
Total eve charge          0
Total night calls         0
Total night charge        0
Total intl calls          0
Total intl charge         0
Customer service calls    0
dtype: int64
2024-12-01 14:58:40,990 - ERROR - Error during prediction: 400: Certain values could not be mapped. Please check your input data.
2024-12-01 14:58:42,617 - INFO - Reference data loaded successfully.
2024-12-01 14:58:42,747 - INFO - Models and scaler loaded successfully.
2024-12-01 14:59:02,266 - INFO - Received input data: {'State': 'KS', 'Account_length': 120, 'Area_code': 415, 'International_plan': 'Yes', 'Voice_mail_plan': 'Yes', 'Number_vmail_messages': 25, 'Total_day_calls': 100, 'Total_day_charge': 20.5, 'Total_eve_calls': 80, 'Total_eve_charge': 15.0, 'Total_night_calls': 70, 'Total_night_charge': 12.0, 'Total_intl_calls': 10, 'Total_intl_charge': 5.0, 'Customer_service_calls': 1}
2024-12-01 14:59:02,268 - INFO - Input data converted to DataFrame:   State  Account length  Area code International plan  ... Total night charge  Total intl calls  Total intl charge  Customer service calls
0    KS             120        415                Yes  ...               12.0                10                5.0                       1

[1 rows x 15 columns]
2024-12-01 14:59:02,285 - INFO - Numerical columns standardized.
2024-12-01 14:59:02,289 - INFO - Predictions made successfully. Decision Tree: 0, Random Forest: 0
2024-12-01 15:02:20,725 - INFO - Received input data: {'State': '4', 'Account_length': 120, 'Area_code': 415, 'International_plan': 'yes', 'Voice_mail_plan': 'yes', 'Number_vmail_messages': 25, 'Total_day_calls': 100, 'Total_day_charge': 20.5, 'Total_eve_calls': 80, 'Total_eve_charge': 15.0, 'Total_night_calls': 70, 'Total_night_charge': 12.0, 'Total_intl_calls': 10, 'Total_intl_charge': 5.0, 'Customer_service_calls': 1}
2024-12-01 15:02:20,728 - INFO - Input data converted to DataFrame:   State  Account length  Area code International plan  ... Total night charge  Total intl calls  Total intl charge  Customer service calls
0     4             120        415                yes  ...               12.0                10                5.0                       1

[1 rows x 15 columns]
2024-12-01 15:02:20,775 - WARNING - Missing values detected after mapping: State                     1
Account length            0
Area code                 0
International plan        1
Voice mail plan           1
Number vmail messages     0
Total day calls           0
Total day charge          0
Total eve calls           0
Total eve charge          0
Total night calls         0
Total night charge        0
Total intl calls          0
Total intl charge         0
Customer service calls    0
dtype: int64
2024-12-01 15:02:20,777 - ERROR - Error during prediction: 400: Certain values could not be mapped. Please check your input data.
2024-12-01 15:02:23,039 - INFO - Received input data: {'State': '4', 'Account_length': 120, 'Area_code': 415, 'International_plan': 'yes', 'Voice_mail_plan': 'yes', 'Number_vmail_messages': 25, 'Total_day_calls': 100, 'Total_day_charge': 20.5, 'Total_eve_calls': 80, 'Total_eve_charge': 15.0, 'Total_night_calls': 70, 'Total_night_charge': 12.0, 'Total_intl_calls': 10, 'Total_intl_charge': 5.0, 'Customer_service_calls': 1}
2024-12-01 15:02:23,042 - INFO - Input data converted to DataFrame:   State  Account length  Area code International plan  ... Total night charge  Total intl calls  Total intl charge  Customer service calls
0     4             120        415                yes  ...               12.0                10                5.0                       1

[1 rows x 15 columns]
2024-12-01 15:02:23,078 - WARNING - Missing values detected after mapping: State                     1
Account length            0
Area code                 0
International plan        1
Voice mail plan           1
Number vmail messages     0
Total day calls           0
Total day charge          0
Total eve calls           0
Total eve charge          0
Total night calls         0
Total night charge        0
Total intl calls          0
Total intl charge         0
Customer service calls    0
dtype: int64
2024-12-01 15:02:23,079 - ERROR - Error during prediction: 400: Certain values could not be mapped. Please check your input data.
2024-12-01 15:03:38,333 - INFO - Received input data: {'State': 'CA', 'Account_length': 120, 'Area_code': 415, 'International_plan': 'yes', 'Voice_mail_plan': 'yes', 'Number_vmail_messages': 100, 'Total_day_calls': 20, 'Total_day_charge': 80.0, 'Total_eve_calls': 15, 'Total_eve_charge': 70.0, 'Total_night_calls': 12, 'Total_night_charge': 10.0, 'Total_intl_calls': 15, 'Total_intl_charge': 80.0, 'Customer_service_calls': 5}
2024-12-01 15:03:38,334 - INFO - Input data converted to DataFrame:   State  Account length  Area code International plan  ... Total night charge  Total intl calls  Total intl charge  Customer service calls
0    CA             120        415                yes  ...               10.0                15               80.0                       5

[1 rows x 15 columns]
2024-12-01 15:03:38,357 - WARNING - Missing values detected after mapping: State                     0
Account length            0
Area code                 0
International plan        1
Voice mail plan           1
Number vmail messages     0
Total day calls           0
Total day charge          0
Total eve calls           0
Total eve charge          0
Total night calls         0
Total night charge        0
Total intl calls          0
Total intl charge         0
Customer service calls    0
dtype: int64
2024-12-01 15:03:38,358 - ERROR - Error during prediction: 400: Certain values could not be mapped. Please check your input data.
2024-12-01 15:04:25,774 - INFO - Received input data: {'State': 'KS', 'Account_length': 120, 'Area_code': 415, 'International_plan': 'No', 'Voice_mail_plan': 'Yes', 'Number_vmail_messages': 25, 'Total_day_calls': 100, 'Total_day_charge': 20.5, 'Total_eve_calls': 80, 'Total_eve_charge': 15.0, 'Total_night_calls': 70, 'Total_night_charge': 12.0, 'Total_intl_calls': 10, 'Total_intl_charge': 5.0, 'Customer_service_calls': 1}
2024-12-01 15:04:25,777 - INFO - Input data converted to DataFrame:   State  Account length  Area code International plan  ... Total night charge  Total intl calls  Total intl charge  Customer service calls
0    KS             120        415                 No  ...               12.0                10                5.0                       1

[1 rows x 15 columns]
2024-12-01 15:04:25,805 - INFO - Numerical columns standardized.
2024-12-01 15:04:25,813 - INFO - Predictions made successfully. Decision Tree: 0, Random Forest: 0
2024-12-01 15:09:36,484 - INFO - Received input data: {'State': 'CA', 'Account_length': 120, 'Area_code': 415, 'International_plan': 'yes', 'Voice_mail_plan': 'yes', 'Number_vmail_messages': 100, 'Total_day_calls': 20, 'Total_day_charge': 80.0, 'Total_eve_calls': 15, 'Total_eve_charge': 70.0, 'Total_night_calls': 12, 'Total_night_charge': 10.0, 'Total_intl_calls': 15, 'Total_intl_charge': 80.0, 'Customer_service_calls': 5}
2024-12-01 15:09:36,485 - INFO - Input data converted to DataFrame:   State  Account length  Area code International plan  ... Total night charge  Total intl calls  Total intl charge  Customer service calls
0    CA             120        415                yes  ...               10.0                15               80.0                       5

[1 rows x 15 columns]
2024-12-01 15:09:36,515 - WARNING - Missing values detected after mapping: State                     0
Account length            0
Area code                 0
International plan        1
Voice mail plan           1
Number vmail messages     0
Total day calls           0
Total day charge          0
Total eve calls           0
Total eve charge          0
Total night calls         0
Total night charge        0
Total intl calls          0
Total intl charge         0
Customer service calls    0
dtype: int64
2024-12-01 15:09:36,516 - ERROR - Error during prediction: 400: Certain values could not be mapped. Please check your input data.
2024-12-01 15:09:43,879 - INFO - Received input data: {'State': 'CA', 'Account_length': 120, 'Area_code': 415, 'International_plan': 'yes', 'Voice_mail_plan': 'yes', 'Number_vmail_messages': 100, 'Total_day_calls': 20, 'Total_day_charge': 80.0, 'Total_eve_calls': 15, 'Total_eve_charge': 70.0, 'Total_night_calls': 12, 'Total_night_charge': 10.0, 'Total_intl_calls': 15, 'Total_intl_charge': 80.0, 'Customer_service_calls': 5}
2024-12-01 15:09:43,881 - INFO - Input data converted to DataFrame:   State  Account length  Area code International plan  ... Total night charge  Total intl calls  Total intl charge  Customer service calls
0    CA             120        415                yes  ...               10.0                15               80.0                       5

[1 rows x 15 columns]
2024-12-01 15:09:43,910 - WARNING - Missing values detected after mapping: State                     0
Account length            0
Area code                 0
International plan        1
Voice mail plan           1
Number vmail messages     0
Total day calls           0
Total day charge          0
Total eve calls           0
Total eve charge          0
Total night calls         0
Total night charge        0
Total intl calls          0
Total intl charge         0
Customer service calls    0
dtype: int64
2024-12-01 15:09:43,912 - ERROR - Error during prediction: 400: Certain values could not be mapped. Please check your input data.
2024-12-01 15:22:12,714 - INFO - Reference data loaded successfully.
2024-12-01 15:22:12,859 - INFO - Models and scaler loaded successfully.
2024-12-01 15:22:18,804 - INFO - Received input data: {'State': 'AL', 'Account_length': 120, 'Area_code': 415, 'International_plan': 'Yes', 'Voice_mail_plan': 'Yes', 'Number_vmail_messages': 5, 'Total_day_calls': 12, 'Total_day_charge': 12.0, 'Total_eve_calls': 10, 'Total_eve_charge': 45.0, 'Total_night_calls': 20, 'Total_night_charge': 20.0, 'Total_intl_calls': 45, 'Total_intl_charge': 120.0, 'Customer_service_calls': 2}
2024-12-01 15:22:18,806 - INFO - Input data converted to DataFrame:   State  Account length  Area code  ... Total intl calls Total intl charge  Customer service calls
0    AL             120        415  ...               45             120.0                       2

[1 rows x 15 columns]
2024-12-01 15:22:18,847 - INFO - Numerical columns standardized.
2024-12-01 15:22:18,864 - INFO - Predictions made successfully. Decision Tree: 0, Random Forest: 0
2024-12-01 15:22:34,224 - INFO - Received input data: {'State': 'KS', 'Account_length': 120, 'Area_code': 415, 'International_plan': 'No', 'Voice_mail_plan': 'Yes', 'Number_vmail_messages': 25, 'Total_day_calls': 100, 'Total_day_charge': 20.5, 'Total_eve_calls': 80, 'Total_eve_charge': 15.0, 'Total_night_calls': 70, 'Total_night_charge': 12.0, 'Total_intl_calls': 10, 'Total_intl_charge': 5.0, 'Customer_service_calls': 1}
2024-12-01 15:22:34,226 - INFO - Input data converted to DataFrame:   State  Account length  Area code  ... Total intl calls Total intl charge  Customer service calls
0    KS             120        415  ...               10               5.0                       1

[1 rows x 15 columns]
2024-12-01 15:22:34,255 - INFO - Numerical columns standardized.
2024-12-01 15:22:34,267 - INFO - Predictions made successfully. Decision Tree: 0, Random Forest: 0
2024-12-01 15:27:49,518 - INFO - Received input data: {'State': 'AL', 'Account_length': 120, 'Area_code': 415, 'International_plan': 'No', 'Voice_mail_plan': 'Yes', 'Number_vmail_messages': 25, 'Total_day_calls': 100, 'Total_day_charge': 20.5, 'Total_eve_calls': 80, 'Total_eve_charge': 15.0, 'Total_night_calls': 70, 'Total_night_charge': 12.0, 'Total_intl_calls': 10, 'Total_intl_charge': 5.0, 'Customer_service_calls': 1}
2024-12-01 15:27:49,521 - INFO - Input data converted to DataFrame:   State  Account length  Area code  ... Total intl calls Total intl charge  Customer service calls
0    AL             120        415  ...               10               5.0                       1

[1 rows x 15 columns]
2024-12-01 15:27:49,550 - INFO - Numerical columns standardized.
2024-12-01 15:27:49,559 - INFO - Predictions made successfully. Decision Tree: 0, Random Forest: 0
2024-12-01 15:35:38,637 - INFO - Received input data: {'State': 'AL', 'Account_length': 120, 'Area_code': 415, 'International_plan': 'No', 'Voice_mail_plan': 'Yes', 'Number_vmail_messages': 25, 'Total_day_calls': 100, 'Total_day_charge': 20.5, 'Total_eve_calls': 80, 'Total_eve_charge': 15.0, 'Total_night_calls': 70, 'Total_night_charge': 12.0, 'Total_intl_calls': 10, 'Total_intl_charge': 5.0, 'Customer_service_calls': 1}
2024-12-01 15:35:38,640 - INFO - Input data converted to DataFrame:   State  Account length  Area code  ... Total intl calls Total intl charge  Customer service calls
0    AL             120        415  ...               10               5.0                       1

[1 rows x 15 columns]
2024-12-01 15:35:38,670 - INFO - Numerical columns standardized.
2024-12-01 15:35:38,680 - INFO - Predictions made successfully. Decision Tree: 0, Random Forest: 0
2024-12-01 15:36:10,982 - INFO - Reference data loaded successfully.
2024-12-01 15:36:12,959 - INFO - Models and scaler loaded successfully.
2024-12-01 15:36:12,993 - INFO - Received input data: {'State': 'AL', 'Account_length': 120, 'Area_code': 415, 'International_plan': 'No', 'Voice_mail_plan': 'Yes', 'Number_vmail_messages': 25, 'Total_day_calls': 100, 'Total_day_charge': 20.5, 'Total_eve_calls': 80, 'Total_eve_charge': 15.0, 'Total_night_calls': 70, 'Total_night_charge': 12.0, 'Total_intl_calls': 10, 'Total_intl_charge': 5.0, 'Customer_service_calls': 1}
2024-12-01 15:36:12,995 - INFO - Input data converted to DataFrame:   State  Account length  Area code  ... Total intl calls Total intl charge  Customer service calls
0    AL             120        415  ...               10               5.0                       1

[1 rows x 15 columns]
2024-12-01 15:36:13,032 - INFO - Numerical columns standardized.
2024-12-01 15:36:13,044 - INFO - Predictions made successfully. Decision Tree: 0, Random Forest: 0
2024-12-01 15:36:13,046 - INFO - Received input data: {'State': 'AL', 'Account_length': 120, 'Area_code': 415, 'International_plan': 'No', 'Voice_mail_plan': 'Yes', 'Number_vmail_messages': 25, 'Total_day_calls': 100, 'Total_day_charge': 20.5, 'Total_eve_calls': 80, 'Total_eve_charge': 15.0, 'Total_night_calls': 70, 'Total_night_charge': 12.0, 'Total_intl_calls': 10, 'Total_intl_charge': 5.0, 'Customer_service_calls': 1}
2024-12-01 15:36:13,048 - INFO - Input data converted to DataFrame:   State  Account length  Area code  ... Total intl calls Total intl charge  Customer service calls
0    AL             120        415  ...               10               5.0                       1

[1 rows x 15 columns]
2024-12-01 15:36:13,094 - INFO - Numerical columns standardized.
2024-12-01 15:36:13,107 - INFO - Predictions made successfully. Decision Tree: 0, Random Forest: 0
2024-12-01 15:39:23,469 - INFO - Reference data loaded successfully.
2024-12-01 15:39:23,578 - INFO - Models and scaler loaded successfully.
2024-12-01 15:39:43,232 - INFO - Received input data: {'State': 'AL', 'Account_length': 120, 'Area_code': 415, 'International_plan': 'Yes', 'Voice_mail_plan': 'No', 'Number_vmail_messages': 25, 'Total_day_calls': 100, 'Total_day_charge': 20.5, 'Total_eve_calls': 80, 'Total_eve_charge': 15.0, 'Total_night_calls': 70, 'Total_night_charge': 12.0, 'Total_intl_calls': 10, 'Total_intl_charge': 5.0, 'Customer_service_calls': 1}
2024-12-01 15:39:43,235 - INFO - Input data converted to DataFrame:   State  Account length  Area code  ... Total intl calls Total intl charge  Customer service calls
0    AL             120        415  ...               10               5.0                       1

[1 rows x 15 columns]
2024-12-01 15:39:43,275 - INFO - Numerical columns standardized.
2024-12-01 15:39:43,284 - INFO - Predictions made successfully. Decision Tree: 0, Random Forest: 0
2024-12-01 15:52:37,626 - INFO - Received input data: {'State': 'NY', 'Account_length': 144, 'Area_code': 408, 'International_plan': 'No', 'Voice_mail_plan': 'No', 'Number_vmail_messages': 0, 'Total_day_calls': 117, 'Total_day_charge': 61.6, 'Total_eve_calls': 85, 'Total_eve_charge': 77.1, 'Total_night_calls': 70, 'Total_night_charge': 99.0, 'Total_intl_calls': 100, 'Total_intl_charge': 2.21, 'Customer_service_calls': 4}
2024-12-01 15:52:37,627 - INFO - Input data converted to DataFrame:   State  Account length  Area code  ... Total intl calls Total intl charge  Customer service calls
0    NY             144        408  ...              100              2.21                       4

[1 rows x 15 columns]
2024-12-01 15:52:37,654 - INFO - Numerical columns standardized.
2024-12-01 15:52:37,667 - INFO - Predictions made successfully. Decision Tree: 1, Random Forest: 1
2024-12-01 15:52:42,957 - INFO - Received input data: {'State': 'NY', 'Account_length': 144, 'Area_code': 408, 'International_plan': 'No', 'Voice_mail_plan': 'No', 'Number_vmail_messages': 0, 'Total_day_calls': 117, 'Total_day_charge': 61.6, 'Total_eve_calls': 85, 'Total_eve_charge': 77.1, 'Total_night_calls': 70, 'Total_night_charge': 99.0, 'Total_intl_calls': 100, 'Total_intl_charge': 2.21, 'Customer_service_calls': 4}
2024-12-01 15:52:42,959 - INFO - Input data converted to DataFrame:   State  Account length  Area code  ... Total intl calls Total intl charge  Customer service calls
0    NY             144        408  ...              100              2.21                       4

[1 rows x 15 columns]
2024-12-01 15:52:42,990 - INFO - Numerical columns standardized.
2024-12-01 15:52:43,002 - INFO - Predictions made successfully. Decision Tree: 1, Random Forest: 1
2024-12-01 16:18:30,380 - INFO - Reference data loaded successfully.
2024-12-01 16:18:30,500 - INFO - Models and scaler loaded successfully.
2024-12-01 16:18:50,149 - INFO - Received input data: {'State': 'NY', 'Account_length': 144, 'Area_code': 408, 'International_plan': 'No', 'Voice_mail_plan': 'No', 'Number_vmail_messages': 0, 'Total_day_calls': 117, 'Total_day_charge': 61.6, 'Total_eve_calls': 85, 'Total_eve_charge': 77.1, 'Total_night_calls': 70, 'Total_night_charge': 99.0, 'Total_intl_calls': 100, 'Total_intl_charge': 2.21, 'Customer_service_calls': 4}
2024-12-01 16:18:50,153 - INFO - Input data converted to DataFrame:   State  Account length  Area code  ... Total intl calls Total intl charge  Customer service calls
0    NY             144        408  ...              100              2.21                       4

[1 rows x 15 columns]
2024-12-01 16:18:50,205 - INFO - Numerical columns standardized.
2024-12-01 16:18:50,212 - INFO - Predictions made successfully. Decision Tree: 1, Random Forest: 1
2024-12-01 16:18:57,607 - INFO - Received input data: {'State': 'AL', 'Account_length': 120, 'Area_code': 415, 'International_plan': 'No', 'Voice_mail_plan': 'Yes', 'Number_vmail_messages': 25, 'Total_day_calls': 100, 'Total_day_charge': 20.5, 'Total_eve_calls': 80, 'Total_eve_charge': 15.0, 'Total_night_calls': 70, 'Total_night_charge': 12.0, 'Total_intl_calls': 10, 'Total_intl_charge': 5.0, 'Customer_service_calls': 1}
2024-12-01 16:18:57,610 - INFO - Input data converted to DataFrame:   State  Account length  Area code  ... Total intl calls Total intl charge  Customer service calls
0    AL             120        415  ...               10               5.0                       1

[1 rows x 15 columns]
2024-12-01 16:18:57,639 - INFO - Numerical columns standardized.
2024-12-01 16:18:57,647 - INFO - Predictions made successfully. Decision Tree: 0, Random Forest: 0
2024-12-04 09:14:36,031 - INFO - Reference data loaded successfully.
2024-12-04 09:14:37,911 - INFO - Models and scaler loaded successfully.
2024-12-04 09:15:00,186 - INFO - Received input data: {'State': 'AL', 'Account_length': 120, 'Area_code': 415, 'International_plan': 'No', 'Voice_mail_plan': 'Yes', 'Number_vmail_messages': 25, 'Total_day_calls': 100, 'Total_day_charge': 20.5, 'Total_eve_calls': 80, 'Total_eve_charge': 15.0, 'Total_night_calls': 70, 'Total_night_charge': 12.0, 'Total_intl_calls': 10, 'Total_intl_charge': 5.0, 'Customer_service_calls': 1}
2024-12-04 09:15:00,190 - INFO - Input data converted to DataFrame:   State  Account length  Area code  ... Total intl calls Total intl charge  Customer service calls
0    AL             120        415  ...               10               5.0                       1

[1 rows x 15 columns]
2024-12-04 09:15:00,331 - INFO - Numerical columns standardized.
2024-12-04 09:15:00,426 - INFO - Predictions made successfully. Decision Tree: 0, Random Forest: 0
2024-12-04 09:15:26,738 - INFO - Received input data: {'State': 'AL', 'Account_length': 20, 'Area_code': 415, 'International_plan': 'Yes', 'Voice_mail_plan': 'No', 'Number_vmail_messages': 25, 'Total_day_calls': 100, 'Total_day_charge': 20.5, 'Total_eve_calls': 80, 'Total_eve_charge': 15.0, 'Total_night_calls': 70, 'Total_night_charge': 12.0, 'Total_intl_calls': 10, 'Total_intl_charge': 5.0, 'Customer_service_calls': 1}
2024-12-04 09:15:26,740 - INFO - Input data converted to DataFrame:   State  Account length  Area code  ... Total intl calls Total intl charge  Customer service calls
0    AL              20        415  ...               10               5.0                       1

[1 rows x 15 columns]
2024-12-04 09:15:26,780 - INFO - Numerical columns standardized.
2024-12-04 09:15:26,793 - INFO - Predictions made successfully. Decision Tree: 0, Random Forest: 0
2024-12-04 16:51:35,687 - INFO - Reference data loaded successfully.
2024-12-04 16:51:36,849 - INFO - Models and scaler loaded successfully.
2024-12-04 16:51:44,605 - INFO - Received input data: {'State': 'AL', 'Account_length': 120, 'Area_code': 415, 'International_plan': 'No', 'Voice_mail_plan': 'Yes', 'Number_vmail_messages': 25, 'Total_day_calls': 100, 'Total_day_charge': 20.5, 'Total_eve_calls': 80, 'Total_eve_charge': 15.0, 'Total_night_calls': 70, 'Total_night_charge': 12.0, 'Total_intl_calls': 10, 'Total_intl_charge': 5.0, 'Customer_service_calls': 1}
2024-12-04 16:51:44,611 - INFO - Input data converted to DataFrame:   State  Account length  Area code  ... Total intl calls Total intl charge  Customer service calls
0    AL             120        415  ...               10               5.0                       1

[1 rows x 15 columns]
2024-12-04 16:51:44,702 - INFO - Numerical columns standardized.
2024-12-04 16:51:44,714 - INFO - Predictions made successfully. Decision Tree: 0, Random Forest: 0
2024-12-04 16:51:51,066 - INFO - Received input data: {'State': 'AL', 'Account_length': 120, 'Area_code': 415, 'International_plan': 'No', 'Voice_mail_plan': 'Yes', 'Number_vmail_messages': 25, 'Total_day_calls': 100, 'Total_day_charge': 20.5, 'Total_eve_calls': 80, 'Total_eve_charge': 15.0, 'Total_night_calls': 70, 'Total_night_charge': 12.0, 'Total_intl_calls': 10, 'Total_intl_charge': 5.0, 'Customer_service_calls': 1}
2024-12-04 16:51:51,069 - INFO - Input data converted to DataFrame:   State  Account length  Area code  ... Total intl calls Total intl charge  Customer service calls
0    AL             120        415  ...               10               5.0                       1

[1 rows x 15 columns]
2024-12-04 16:51:51,104 - INFO - Numerical columns standardized.
2024-12-04 16:51:51,112 - INFO - Predictions made successfully. Decision Tree: 0, Random Forest: 0
2024-12-04 16:52:21,433 - INFO - Received input data: {'State': 'AL', 'Account_length': 120, 'Area_code': 415, 'International_plan': 'No', 'Voice_mail_plan': 'Yes', 'Number_vmail_messages': 25, 'Total_day_calls': 100, 'Total_day_charge': 20.5, 'Total_eve_calls': 80, 'Total_eve_charge': 15.0, 'Total_night_calls': 70, 'Total_night_charge': 12.0, 'Total_intl_calls': 10, 'Total_intl_charge': 5.0, 'Customer_service_calls': 1}
2024-12-04 16:52:21,434 - INFO - Input data converted to DataFrame:   State  Account length  Area code  ... Total intl calls Total intl charge  Customer service calls
0    AL             120        415  ...               10               5.0                       1

[1 rows x 15 columns]
2024-12-04 16:52:21,463 - INFO - Numerical columns standardized.
2024-12-04 16:52:21,472 - INFO - Predictions made successfully. Decision Tree: 0, Random Forest: 0
2024-12-04 16:53:52,948 - INFO - Received input data: {'State': 'AL', 'Account_length': 120, 'Area_code': 415, 'International_plan': 'No', 'Voice_mail_plan': 'Yes', 'Number_vmail_messages': 25, 'Total_day_calls': 100, 'Total_day_charge': 20.5, 'Total_eve_calls': 80, 'Total_eve_charge': 15.0, 'Total_night_calls': 70, 'Total_night_charge': 12.0, 'Total_intl_calls': 10, 'Total_intl_charge': 5.0, 'Customer_service_calls': 1}
2024-12-04 16:53:52,950 - INFO - Input data converted to DataFrame:   State  Account length  Area code  ... Total intl calls Total intl charge  Customer service calls
0    AL             120        415  ...               10               5.0                       1

[1 rows x 15 columns]
2024-12-04 16:53:52,978 - INFO - Numerical columns standardized.
2024-12-04 16:53:52,986 - INFO - Predictions made successfully. Decision Tree: 0, Random Forest: 0
2024-12-04 16:53:57,121 - INFO - Received input data: {'State': 'AL', 'Account_length': 120, 'Area_code': 415, 'International_plan': 'No', 'Voice_mail_plan': 'Yes', 'Number_vmail_messages': 25, 'Total_day_calls': 100, 'Total_day_charge': 20.5, 'Total_eve_calls': 80, 'Total_eve_charge': 15.0, 'Total_night_calls': 70, 'Total_night_charge': 12.0, 'Total_intl_calls': 10, 'Total_intl_charge': 5.0, 'Customer_service_calls': 1}
2024-12-04 16:53:57,122 - INFO - Input data converted to DataFrame:   State  Account length  Area code  ... Total intl calls Total intl charge  Customer service calls
0    AL             120        415  ...               10               5.0                       1

[1 rows x 15 columns]
2024-12-04 16:53:57,149 - INFO - Numerical columns standardized.
2024-12-04 16:53:57,157 - INFO - Predictions made successfully. Decision Tree: 0, Random Forest: 0
2024-12-04 18:10:15,010 - INFO - Reference data loaded successfully.
2024-12-04 18:10:15,691 - INFO - Models and scaler loaded successfully.
2024-12-04 18:17:51,137 - INFO - Received input data: {'State': 'AL', 'Account_length': 120, 'Area_code': 415, 'International_plan': 'No', 'Voice_mail_plan': 'Yes', 'Number_vmail_messages': 25, 'Total_day_calls': 100, 'Total_day_charge': 20.5, 'Total_eve_calls': 80, 'Total_eve_charge': 15.0, 'Total_night_calls': 70, 'Total_night_charge': 12.0, 'Total_intl_calls': 10, 'Total_intl_charge': 5.0, 'Customer_service_calls': 1}
2024-12-04 18:17:51,145 - INFO - Input data converted to DataFrame:   State  Account length  Area code  ... Total intl calls Total intl charge  Customer service calls
0    AL             120        415  ...               10               5.0                       1

[1 rows x 15 columns]
2024-12-04 18:17:51,224 - INFO - Numerical columns standardized.
2024-12-04 18:17:51,235 - INFO - Predictions made successfully. Decision Tree: 0, Random Forest: 0
2024-12-04 18:18:52,514 - INFO - Received input data: {'State': 'AL', 'Account_length': 120, 'Area_code': 415, 'International_plan': 'No', 'Voice_mail_plan': 'Yes', 'Number_vmail_messages': 25, 'Total_day_calls': 100, 'Total_day_charge': 20.5, 'Total_eve_calls': 80, 'Total_eve_charge': 15.0, 'Total_night_calls': 70, 'Total_night_charge': 12.0, 'Total_intl_calls': 10, 'Total_intl_charge': 5.0, 'Customer_service_calls': 1}
2024-12-04 18:18:52,516 - INFO - Input data converted to DataFrame:   State  Account length  Area code  ... Total intl calls Total intl charge  Customer service calls
0    AL             120        415  ...               10               5.0                       1

[1 rows x 15 columns]
2024-12-04 18:18:52,548 - INFO - Numerical columns standardized.
2024-12-04 18:18:52,558 - INFO - Predictions made successfully. Decision Tree: 0, Random Forest: 0
2024-12-04 18:21:04,423 - INFO - Received input data: {'State': 'AL', 'Account_length': 120, 'Area_code': 415, 'International_plan': 'No', 'Voice_mail_plan': 'Yes', 'Number_vmail_messages': 25, 'Total_day_calls': 100, 'Total_day_charge': 20.5, 'Total_eve_calls': 80, 'Total_eve_charge': 15.0, 'Total_night_calls': 70, 'Total_night_charge': 12.0, 'Total_intl_calls': 10, 'Total_intl_charge': 5.0, 'Customer_service_calls': 5}
2024-12-04 18:21:04,425 - INFO - Input data converted to DataFrame:   State  Account length  Area code  ... Total intl calls Total intl charge  Customer service calls
0    AL             120        415  ...               10               5.0                       5

[1 rows x 15 columns]
2024-12-04 18:21:04,452 - INFO - Numerical columns standardized.
2024-12-04 18:21:04,460 - INFO - Predictions made successfully. Decision Tree: 0, Random Forest: 0
2024-12-04 18:22:57,476 - INFO - Received input data: {'State': 'AL', 'Account_length': 120, 'Area_code': 415, 'International_plan': 'No', 'Voice_mail_plan': 'Yes', 'Number_vmail_messages': 25, 'Total_day_calls': 100, 'Total_day_charge': 20.5, 'Total_eve_calls': 80, 'Total_eve_charge': 15.0, 'Total_night_calls': 70, 'Total_night_charge': 12.0, 'Total_intl_calls': 10, 'Total_intl_charge': 5.0, 'Customer_service_calls': 5}
2024-12-04 18:22:57,480 - INFO - Input data converted to DataFrame:   State  Account length  Area code  ... Total intl calls Total intl charge  Customer service calls
0    AL             120        415  ...               10               5.0                       5

[1 rows x 15 columns]
2024-12-04 18:22:57,526 - INFO - Numerical columns standardized.
2024-12-04 18:22:57,536 - INFO - Predictions made successfully. Decision Tree: 0, Random Forest: 0
2024-12-04 18:33:31,054 - INFO - Reference data loaded successfully.
2024-12-04 18:33:34,402 - INFO - Models and scaler loaded successfully.
2024-12-04 18:33:38,482 - INFO - Received input data: {'State': 'KS', 'Account_length': 120, 'Area_code': 415, 'International_plan': 'No', 'Voice_mail_plan': 'Yes', 'Number_vmail_messages': 25, 'Total_day_calls': 100, 'Total_day_charge': 20.5, 'Total_eve_calls': 80, 'Total_eve_charge': 15.0, 'Total_night_calls': 70, 'Total_night_charge': 12.0, 'Total_intl_calls': 10, 'Total_intl_charge': 5.0, 'Customer_service_calls': 1}
2024-12-04 18:33:38,484 - INFO - Input data converted to DataFrame:   State  Account length  Area code  ... Total intl calls Total intl charge  Customer service calls
0    KS             120        415  ...               10               5.0                       1

[1 rows x 15 columns]
2024-12-04 18:33:38,505 - INFO - Numerical columns standardized.
2024-12-04 18:33:38,509 - INFO - Predictions made successfully. Decision Tree: 0, Random Forest: 0
2024-12-04 18:34:11,834 - INFO - Received input data: {'State': 'AL', 'Account_length': 120, 'Area_code': 415, 'International_plan': 'No', 'Voice_mail_plan': 'Yes', 'Number_vmail_messages': 25, 'Total_day_calls': 100, 'Total_day_charge': 20.5, 'Total_eve_calls': 80, 'Total_eve_charge': 15.0, 'Total_night_calls': 70, 'Total_night_charge': 12.0, 'Total_intl_calls': 10, 'Total_intl_charge': 5.0, 'Customer_service_calls': 1}
2024-12-04 18:34:11,836 - INFO - Input data converted to DataFrame:   State  Account length  Area code  ... Total intl calls Total intl charge  Customer service calls
0    AL             120        415  ...               10               5.0                       1

[1 rows x 15 columns]
2024-12-04 18:34:11,900 - INFO - Numerical columns standardized.
2024-12-04 18:34:11,917 - INFO - Predictions made successfully. Decision Tree: 0, Random Forest: 0
2024-12-04 18:34:29,454 - INFO - Received input data: {'State': 'AL', 'Account_length': 120, 'Area_code': 415, 'International_plan': 'No', 'Voice_mail_plan': 'Yes', 'Number_vmail_messages': 25, 'Total_day_calls': 100, 'Total_day_charge': 20.5, 'Total_eve_calls': 80, 'Total_eve_charge': 15.0, 'Total_night_calls': 70, 'Total_night_charge': 12.0, 'Total_intl_calls': 10, 'Total_intl_charge': 5.0, 'Customer_service_calls': 5}
2024-12-04 18:34:29,457 - INFO - Input data converted to DataFrame:   State  Account length  Area code  ... Total intl calls Total intl charge  Customer service calls
0    AL             120        415  ...               10               5.0                       5

[1 rows x 15 columns]
2024-12-04 18:34:29,499 - INFO - Numerical columns standardized.
2024-12-04 18:34:29,513 - INFO - Predictions made successfully. Decision Tree: 0, Random Forest: 0
2024-12-04 18:34:46,794 - INFO - Received input data: {'State': 'AL', 'Account_length': 120, 'Area_code': 415, 'International_plan': 'No', 'Voice_mail_plan': 'Yes', 'Number_vmail_messages': 25, 'Total_day_calls': 100, 'Total_day_charge': 20.5, 'Total_eve_calls': 80, 'Total_eve_charge': 15.0, 'Total_night_calls': 70, 'Total_night_charge': 12.0, 'Total_intl_calls': 10, 'Total_intl_charge': 5.0, 'Customer_service_calls': 5}
2024-12-04 18:34:46,795 - INFO - Input data converted to DataFrame:   State  Account length  Area code  ... Total intl calls Total intl charge  Customer service calls
0    AL             120        415  ...               10               5.0                       5

[1 rows x 15 columns]
2024-12-04 18:34:46,830 - INFO - Numerical columns standardized.
2024-12-04 18:34:46,838 - INFO - Predictions made successfully. Decision Tree: 0, Random Forest: 0
